<?xml version="1.0" encoding="UTF-8"?>
<!-- Generated by org.testng.reporters.JUnitReportReporter -->
<testsuite hostname="aida-PC" name="com.epam.tests.UITests" tests="2" failures="0" timestamp="13 Oct 2019 17:48:45 GMT" time="25.297" errors="0">
  <testcase name="validateIfBackgroundImageBroken" time="10.248" classname="com.epam.tests.UITests"/>
  <testcase name="validateIfBackgroundImageBroken" time="15.049" classname="com.epam.tests.UITests"/>
</testsuite> <!-- com.epam.tests.UITests -->
