<?xml version="1.0" encoding="UTF-8"?>
<!-- Generated by org.testng.reporters.JUnitReportReporter -->
<testsuite hostname="aida-PC" failures="0" tests="1" name="com.tajawal.tests.FlightSearchTests" time="72.639" errors="0" timestamp="25 Oct 2019 01:52:12 GMT" skipped="0">
  <testcase classname="com.tajawal.tests.FlightSearchTests" name="secondScenario" time="72.639"/>
</testsuite> <!-- com.tajawal.tests.FlightSearchTests -->
