<?xml version="1.0" encoding="UTF-8"?>
<!-- Generated by org.testng.reporters.JUnitReportReporter -->
<testsuite hostname="CAM21DDNV2" name="com.vezeeta.tests.GoogleSearchTests" tests="1" failures="0" timestamp="18 Oct 2019 18:58:50 GMT" time="6.214" errors="0">
  <testcase name="searchFirstResultPage" time="6.214" classname="com.vezeeta.tests.GoogleSearchTests"/>
</testsuite> <!-- com.vezeeta.tests.GoogleSearchTests -->
